This is XeTeX, Version 3.141592653-2.6-0.999997 (TeX Live 2025) (preloaded format=xelatex 2025.5.12)  19 FEB 2026 13:37
entering extended mode
 restricted \write18 enabled.
 %&-line parsing enabled.
**MA_Continuous_Assessment_1.tex
(./MA_Continuous_Assessment_1.tex
LaTeX2e <2024-11-01> patch level 2
L3 programming layer <2025-04-14>

! LaTeX Error: File `scrartcl.cls' not found.

Type X to quit or <RETURN> to proceed,
or enter new name. (Default extension: cls)

Enter file name: 
! Emergency stop.
<read *> 
         
l.10 ^^M
        
*** (cannot \read from terminal in nonstop modes)

 
Here is how much of TeX's memory you used:
 30 strings out of 472265
 644 string characters out of 5528240
 416838 words of memory out of 5000000
 26643 multiletter control sequences out of 15000+600000
 626825 words of font info for 40 fonts, out of 8000000 for 9000
 14 hyphenation exceptions out of 8191
 19i,0n,29p,125b,17s stack positions out of 10000i,1000n,20000p,200000b,200000s
No pages of output.
